<?xml version="1.0" encoding="UTF-8"?>
<!-- Generated by org.testng.reporters.JUnitReportReporter -->
<testsuite hostname="LAPTOP-ATU9KBGA" failures="0" tests="3" name="Generics.Tests" time="4.296" errors="0" timestamp="2025-04-05T01:09:24 IST" skipped="0">
  <testcase classname="Generics.Tests" name="test" time="0.866"/>
  <testcase classname="Generics.Tests" name="tab" time="2.285"/>
  <testcase classname="Generics.Tests" name="iframe" time="1.145"/>
</testsuite> <!-- Generics.Tests -->
