<?xml version="1.0" encoding="UTF-8"?>
<!-- Generated by org.testng.reporters.JUnitReportReporter -->
<testsuite hostname="LAPTOP-ATU9KBGA" failures="0" tests="2"
	name="Generics.Tests" time="1.775" errors="0"
	timestamp="2025-04-03T01:49:50 IST" skipped="0">
	<testcase classname="Generics.Tests" name="test" time="1.455" />
	<testcase classname="Generics.Tests" name="back" time="0.320" />
</testsuite> <!-- Generics.Tests -->
